Determining if the pthread_create exist failed with the following output:
Change Dir: /home/turtlebot/ese_team_project/turtlebot/build/CMakeFiles/CMakeTmp

Run Build Command:/usr/bin/make "cmTryCompileExec2397087295/fast"
/usr/bin/make -f CMakeFiles/cmTryCompileExec2397087295.dir/build.make CMakeFiles/cmTryCompileExec2397087295.dir/build
make[1]: Entering directory `/home/turtlebot/ese_team_project/turtlebot/build/CMakeFiles/CMakeTmp'
/usr/bin/cmake -E cmake_progress_report /home/turtlebot/ese_team_project/turtlebot/build/CMakeFiles/CMakeTmp/CMakeFiles 1
Building C object CMakeFiles/cmTryCompileExec2397087295.dir/CheckSymbolExists.c.o
/usr/bin/cc    -o CMakeFiles/cmTryCompileExec2397087295.dir/CheckSymbolExists.c.o   -c /home/turtlebot/ese_team_project/turtlebot/build/CMakeFiles/CMakeTmp/CheckSymbolExists.c
Linking C executable cmTryCompileExec2397087295
/usr/bin/cmake -E cmake_link_script CMakeFiles/cmTryCompileExec2397087295.dir/link.txt --verbose=1
/usr/bin/cc       CMakeFiles/cmTryCompileExec2397087295.dir/CheckSymbolExists.c.o  -o cmTryCompileExec2397087295 -rdynamic 
CMakeFiles/cmTryCompileExec2397087295.dir/CheckSymbolExists.c.o: In function `main':
CheckSymbolExists.c:(.text+0x16): undefined reference to `pthread_create'
collect2: error: ld returned 1 exit status
make[1]: *** [cmTryCompileExec2397087295] Error 1
make[1]: Leaving directory `/home/turtlebot/ese_team_project/turtlebot/build/CMakeFiles/CMakeTmp'
make: *** [cmTryCompileExec2397087295/fast] Error 2

File /home/turtlebot/ese_team_project/turtlebot/build/CMakeFiles/CMakeTmp/CheckSymbolExists.c:
/* */
#include <pthread.h>

int main(int argc, char** argv)
{
  (void)argv;
#ifndef pthread_create
  return ((int*)(&pthread_create))[argc];
#else
  (void)argc;
  return 0;
#endif
}

Determining if the function pthread_create exists in the pthreads failed with the following output:
Change Dir: /home/turtlebot/ese_team_project/turtlebot/build/CMakeFiles/CMakeTmp

Run Build Command:/usr/bin/make "cmTryCompileExec2262749012/fast"
/usr/bin/make -f CMakeFiles/cmTryCompileExec2262749012.dir/build.make CMakeFiles/cmTryCompileExec2262749012.dir/build
make[1]: Entering directory `/home/turtlebot/ese_team_project/turtlebot/build/CMakeFiles/CMakeTmp'
/usr/bin/cmake -E cmake_progress_report /home/turtlebot/ese_team_project/turtlebot/build/CMakeFiles/CMakeTmp/CMakeFiles 1
Building C object CMakeFiles/cmTryCompileExec2262749012.dir/CheckFunctionExists.c.o
/usr/bin/cc   -DCHECK_FUNCTION_EXISTS=pthread_create   -o CMakeFiles/cmTryCompileExec2262749012.dir/CheckFunctionExists.c.o   -c /usr/share/cmake-2.8/Modules/CheckFunctionExists.c
Linking C executable cmTryCompileExec2262749012
/usr/bin/cmake -E cmake_link_script CMakeFiles/cmTryCompileExec2262749012.dir/link.txt --verbose=1
/usr/bin/cc   -DCHECK_FUNCTION_EXISTS=pthread_create    CMakeFiles/cmTryCompileExec2262749012.dir/CheckFunctionExists.c.o  -o cmTryCompileExec2262749012 -rdynamic -lpthreads 
/usr/bin/ld: cannot find -lpthreads
collect2: error: ld returned 1 exit status
make[1]: *** [cmTryCompileExec2262749012] Error 1
make[1]: Leaving directory `/home/turtlebot/ese_team_project/turtlebot/build/CMakeFiles/CMakeTmp'
make: *** [cmTryCompileExec2262749012/fast] Error 2


