Determining if the pthread_create exist failed with the following output:
Change Dir: /home/turtlebot/ese_team_project/kobuki/build/CMakeFiles/CMakeTmp

Run Build Command:/usr/bin/make "cmTryCompileExec376583328/fast"
/usr/bin/make -f CMakeFiles/cmTryCompileExec376583328.dir/build.make CMakeFiles/cmTryCompileExec376583328.dir/build
make[1]: Entering directory `/home/turtlebot/ese_team_project/kobuki/build/CMakeFiles/CMakeTmp'
/usr/bin/cmake -E cmake_progress_report /home/turtlebot/ese_team_project/kobuki/build/CMakeFiles/CMakeTmp/CMakeFiles 1
Building C object CMakeFiles/cmTryCompileExec376583328.dir/CheckSymbolExists.c.o
/usr/bin/cc    -o CMakeFiles/cmTryCompileExec376583328.dir/CheckSymbolExists.c.o   -c /home/turtlebot/ese_team_project/kobuki/build/CMakeFiles/CMakeTmp/CheckSymbolExists.c
Linking C executable cmTryCompileExec376583328
/usr/bin/cmake -E cmake_link_script CMakeFiles/cmTryCompileExec376583328.dir/link.txt --verbose=1
/usr/bin/cc       CMakeFiles/cmTryCompileExec376583328.dir/CheckSymbolExists.c.o  -o cmTryCompileExec376583328 -rdynamic 
CMakeFiles/cmTryCompileExec376583328.dir/CheckSymbolExists.c.o: In function `main':
CheckSymbolExists.c:(.text+0x16): undefined reference to `pthread_create'
collect2: error: ld returned 1 exit status
make[1]: *** [cmTryCompileExec376583328] Error 1
make[1]: Leaving directory `/home/turtlebot/ese_team_project/kobuki/build/CMakeFiles/CMakeTmp'
make: *** [cmTryCompileExec376583328/fast] Error 2

File /home/turtlebot/ese_team_project/kobuki/build/CMakeFiles/CMakeTmp/CheckSymbolExists.c:
/* */
#include <pthread.h>

int main(int argc, char** argv)
{
  (void)argv;
#ifndef pthread_create
  return ((int*)(&pthread_create))[argc];
#else
  (void)argc;
  return 0;
#endif
}

Determining if the function pthread_create exists in the pthreads failed with the following output:
Change Dir: /home/turtlebot/ese_team_project/kobuki/build/CMakeFiles/CMakeTmp

Run Build Command:/usr/bin/make "cmTryCompileExec23177131/fast"
/usr/bin/make -f CMakeFiles/cmTryCompileExec23177131.dir/build.make CMakeFiles/cmTryCompileExec23177131.dir/build
make[1]: Entering directory `/home/turtlebot/ese_team_project/kobuki/build/CMakeFiles/CMakeTmp'
/usr/bin/cmake -E cmake_progress_report /home/turtlebot/ese_team_project/kobuki/build/CMakeFiles/CMakeTmp/CMakeFiles 1
Building C object CMakeFiles/cmTryCompileExec23177131.dir/CheckFunctionExists.c.o
/usr/bin/cc   -DCHECK_FUNCTION_EXISTS=pthread_create   -o CMakeFiles/cmTryCompileExec23177131.dir/CheckFunctionExists.c.o   -c /usr/share/cmake-2.8/Modules/CheckFunctionExists.c
Linking C executable cmTryCompileExec23177131
/usr/bin/cmake -E cmake_link_script CMakeFiles/cmTryCompileExec23177131.dir/link.txt --verbose=1
/usr/bin/cc   -DCHECK_FUNCTION_EXISTS=pthread_create    CMakeFiles/cmTryCompileExec23177131.dir/CheckFunctionExists.c.o  -o cmTryCompileExec23177131 -rdynamic -lpthreads 
/usr/bin/ld: cannot find -lpthreads
collect2: error: ld returned 1 exit status
make[1]: *** [cmTryCompileExec23177131] Error 1
make[1]: Leaving directory `/home/turtlebot/ese_team_project/kobuki/build/CMakeFiles/CMakeTmp'
make: *** [cmTryCompileExec23177131/fast] Error 2


